<?xml version='1.0' encoding='UTF-8'?>
<testsuite hostname="Joels-MBP-3" name="funlang.SyntaxAnalysisTests" tests="24" errors="0" failures="0" skipped="0" time="0.019" timestamp="2020-10-31T16:44:24">
                     <properties>
      <property name="jline.esc.timeout" value="0"/><property name="jna.platform.library.path" value="/usr/lib:/usr/lib"/><property name="java.runtime.name" value="OpenJDK Runtime Environment"/><property name="sun.boot.library.path" value="/Library/Java/JavaVirtualMachines/adoptopenjdk-8.jdk/Contents/Home/jre/lib"/><property name="java.vm.version" value="25.262-b10"/><property name="user.country.format" value="AU"/><property name="gopherProxySet" value="false"/><property name="java.vm.vendor" value="AdoptOpenJDK"/><property name="java.vendor.url" value="http://java.oracle.com/"/><property name="path.separator" value=":"/><property name="jna.loaded" value="true"/><property name="java.vm.name" value="OpenJDK 64-Bit Server VM"/><property name="file.encoding.pkg" value="sun.io"/><property name="user.country" value="US"/><property name="sun.java.launcher" value="SUN_STANDARD"/><property name="sun.os.patch.level" value="unknown"/><property name="jna.nosys" value="true"/><property name="java.vm.specification.name" value="Java Virtual Machine Specification"/><property name="user.dir" value="/Users/joelmorrissey/Downloads/Comp3000_ass3/comp3000-ass3nosyn"/><property name="java.runtime.version" value="1.8.0_262-b10"/><property name="java.awt.graphicsenv" value="sun.awt.CGraphicsEnvironment"/><property name="java.endorsed.dirs" value="/Library/Java/JavaVirtualMachines/adoptopenjdk-8.jdk/Contents/Home/jre/lib/endorsed"/><property name="os.arch" value="x86_64"/><property name="java.io.tmpdir" value="/var/folders/7z/hlvsvdgj01v2y5y_5thdsvrm0000gn/T/"/><property name="line.separator" value="
"/><property name="java.vm.specification.vendor" value="Oracle Corporation"/><property name="log4j.ignoreTCL" value="true"/><property name="os.name" value="Mac OS X"/><property name="sun.jnu.encoding" value="UTF-8"/><property name="jnidispatch.path" value="/var/folders/7z/hlvsvdgj01v2y5y_5thdsvrm0000gn/T/jna-1750064559/jna2693326165452461468.tmp"/><property name="java.library.path" value="/Users/joelmorrissey/Library/Java/Extensions:/Library/Java/Extensions:/Network/Library/Java/Extensions:/System/Library/Java/Extensions:/usr/lib/java:."/><property name="java.specification.name" value="Java Platform API Specification"/><property name="java.class.version" value="52.0"/><property name="sun.management.compiler" value="HotSpot 64-Bit Tiered Compilers"/><property name="os.version" value="10.14.6"/><property name="http.nonProxyHosts" value="local|*.local|169.254/16|*.169.254/16"/><property name="swoval.tmpdir" value="/Users/joelmorrissey/.sbt/1.0"/><property name="user.home" value="/Users/joelmorrissey"/><property name="user.timezone" value="Australia/Sydney"/><property name="java.awt.printerjob" value="sun.lwawt.macosx.CPrinterJob"/><property name="file.encoding" value="UTF-8"/><property name="java.specification.version" value="1.8"/><property name="java.class.path" value="/usr/local/Cellar/sbt/1.3.3/libexec/bin/sbt-launch.jar"/><property name="user.name" value="joelmorrissey"/><property name="jline.shutdownhook" value="false"/><property name="java.vm.specification.version" value="1.8"/><property name="sun.java.command" value="/usr/local/Cellar/sbt/1.3.3/libexec/bin/sbt-launch.jar"/><property name="java.home" value="/Library/Java/JavaVirtualMachines/adoptopenjdk-8.jdk/Contents/Home/jre"/><property name="sun.arch.data.model" value="64"/><property name="user.language" value="en"/><property name="java.specification.vendor" value="Oracle Corporation"/><property name="awt.toolkit" value="sun.lwawt.macosx.LWCToolkit"/><property name="java.vm.info" value="mixed mode"/><property name="java.version" value="1.8.0_262"/><property name="java.ext.dirs" value="/Users/joelmorrissey/Library/Java/Extensions:/Library/Java/JavaVirtualMachines/adoptopenjdk-8.jdk/Contents/Home/jre/lib/ext:/Library/Java/Extensions:/Network/Library/Java/Extensions:/System/Library/Java/Extensions:/usr/lib/java"/><property name="sun.boot.class.path" value="/Library/Java/JavaVirtualMachines/adoptopenjdk-8.jdk/Contents/Home/jre/lib/resources.jar:/Library/Java/JavaVirtualMachines/adoptopenjdk-8.jdk/Contents/Home/jre/lib/rt.jar:/Library/Java/JavaVirtualMachines/adoptopenjdk-8.jdk/Contents/Home/jre/lib/sunrsasign.jar:/Library/Java/JavaVirtualMachines/adoptopenjdk-8.jdk/Contents/Home/jre/lib/jsse.jar:/Library/Java/JavaVirtualMachines/adoptopenjdk-8.jdk/Contents/Home/jre/lib/jce.jar:/Library/Java/JavaVirtualMachines/adoptopenjdk-8.jdk/Contents/Home/jre/lib/charsets.jar:/Library/Java/JavaVirtualMachines/adoptopenjdk-8.jdk/Contents/Home/jre/lib/jfr.jar:/Library/Java/JavaVirtualMachines/adoptopenjdk-8.jdk/Contents/Home/jre/classes"/><property name="java.vendor" value="AdoptOpenJDK"/><property name="file.separator" value="/"/><property name="java.vendor.url.bug" value="http://bugreport.sun.com/bugreport/"/><property name="sun.io.unicode.encoding" value="UnicodeBig"/><property name="sun.cpu.endian" value="little"/><property name="socksNonProxyHosts" value="local|*.local|169.254/16|*.169.254/16"/><property name="ftp.nonProxyHosts" value="local|*.local|169.254/16|*.169.254/16"/><property name="sun.cpu.isalist" value=""/>
    </properties>
                     <testcase classname="funlang.SyntaxAnalysisTests" name="parsing an identifier of one letter produces the correct tree" time="0.008">
                                                 
                                               </testcase><testcase classname="funlang.SyntaxAnalysisTests" name="parsing an identifier as an identifier produces the correct tree" time="0.0">
                                                 
                                               </testcase><testcase classname="funlang.SyntaxAnalysisTests" name="parsing an identifier containing digits and underscores produces the correct tree" time="0.0">
                                                 
                                               </testcase><testcase classname="funlang.SyntaxAnalysisTests" name="parsing an integer as an identifier gives an error" time="0.002">
                                                 
                                               </testcase><testcase classname="funlang.SyntaxAnalysisTests" name="parsing a non-identifier as an identifier gives an error (digit)" time="0.001">
                                                 
                                               </testcase><testcase classname="funlang.SyntaxAnalysisTests" name="parsing a non-identifier as an identifier gives an error (underscore)" time="0.0">
                                                 
                                               </testcase><testcase classname="funlang.SyntaxAnalysisTests" name="parsing a keyword as an identifier gives an error" time="0.001">
                                                 
                                               </testcase><testcase classname="funlang.SyntaxAnalysisTests" name="parsing a keyword prefix as an identifier produces the correct tree" time="0.0">
                                                 
                                               </testcase><testcase classname="funlang.SyntaxAnalysisTests" name="parsing an integer of one digit as an integer produces the correct tree" time="0.0">
                                                 
                                               </testcase><testcase classname="funlang.SyntaxAnalysisTests" name="parsing an integer as an integer produces the correct tree" time="0.0">
                                                 
                                               </testcase><testcase classname="funlang.SyntaxAnalysisTests" name="parsing a non-integer as an integer gives an error" time="0.001">
                                                 
                                               </testcase><testcase classname="funlang.SyntaxAnalysisTests" name="parsing an equal expression produces the correct tree" time="0.001">
                                                 
                                               </testcase><testcase classname="funlang.SyntaxAnalysisTests" name="parsing a less than expression produces the correct tree" time="0.0">
                                                 
                                               </testcase><testcase classname="funlang.SyntaxAnalysisTests" name="parsing an addition expression produces the correct tree" time="0.001">
                                                 
                                               </testcase><testcase classname="funlang.SyntaxAnalysisTests" name="parsing a subtraction expression produces the correct tree" time="0.001">
                                                 
                                               </testcase><testcase classname="funlang.SyntaxAnalysisTests" name="parsing a multiplication expression produces the correct tree" time="0.0">
                                                 
                                               </testcase><testcase classname="funlang.SyntaxAnalysisTests" name="parsing a division expression produces the correct tree" time="0.0">
                                                 
                                               </testcase><testcase classname="funlang.SyntaxAnalysisTests" name="parsing an integer expression produces the correct tree" time="0.0">
                                                 
                                               </testcase><testcase classname="funlang.SyntaxAnalysisTests" name="parsing a true expression produces the correct tree" time="0.001">
                                                 
                                               </testcase><testcase classname="funlang.SyntaxAnalysisTests" name="parsing a false expression produces the correct tree" time="0.0">
                                                 
                                               </testcase><testcase classname="funlang.SyntaxAnalysisTests" name="parsing an identifier expression produces the correct tree" time="0.001">
                                                 
                                               </testcase><testcase classname="funlang.SyntaxAnalysisTests" name="parsing a parenthesized expression produces the correct tree" time="0.0">
                                                 
                                               </testcase><testcase classname="funlang.SyntaxAnalysisTests" name="parsing an application expression produces the correct tree" time="0.0">
                                                 
                                               </testcase><testcase classname="funlang.SyntaxAnalysisTests" name="parsing an if expression produces the correct tree" time="0.001">
                                                 
                                               </testcase>
                     <system-out><![CDATA[]]></system-out>
                     <system-err><![CDATA[]]></system-err>
                   </testsuite>